2018-06-15 23:34:12,680 - SHOW COMPANY'S PLANES
2018-06-15 23:34:12,684 - SHOW PLANES IN MARKET
2018-06-15 23:34:12,694 - SHOW COMPANY'S BALANCE
2018-06-15 23:34:12,697 - SHOW STATISTICS BY PLANE TYPES
2018-06-15 23:34:12,700 - SHOW TRANSACTIONS
2018-06-15 23:34:12,703 - SHOW notifications
2018-06-15 23:34:12,706 - SHOW FLIGHTS
2018-06-15 23:34:12,710 - SHOW TRANSACTIONS
2018-06-15 23:34:12,788 - Request for allowing to buy plane #1
2018-06-15 23:34:12,789 - SHOW COMPANY'S BALANCE
2018-06-15 23:34:12,792 - INQUIRE market price of the plane #1
2018-06-15 23:34:12,793 - Request for allowing to buy plane #2
2018-06-15 23:34:12,795 - SHOW COMPANY'S BALANCE
2018-06-15 23:34:12,796 - INQUIRE market price of the plane #2
2018-06-15 23:34:12,799 - Request for allowing to buy plane #3
2018-06-15 23:34:12,799 - SHOW COMPANY'S BALANCE
2018-06-15 23:34:12,803 - INQUIRE market price of the plane #3
2018-06-15 23:34:12,805 - Request for allowing to buy plane #4
2018-06-15 23:34:12,805 - SHOW COMPANY'S BALANCE
2018-06-15 23:34:12,808 - INQUIRE market price of the plane #4
2018-06-15 23:34:12,809 - Request for allowing to buy plane #5
2018-06-15 23:34:12,811 - SHOW COMPANY'S BALANCE
2018-06-15 23:34:12,813 - INQUIRE market price of the plane #5
2018-06-15 23:34:12,815 - Request for allowing to buy plane #6
2018-06-15 23:34:12,816 - SHOW COMPANY'S BALANCE
2018-06-15 23:34:12,819 - INQUIRE market price of the plane #6
